


ARM Macro Assembler    Page 1 


    1 00000000         ;-------------------------------------------------------
                       ---------------------
    2 00000000         ; Copyright (c) <2013-2015>, <Huawei Technologies Co., L
                       td>
    3 00000000         ; All rights reserved.
    4 00000000         ; Redistribution and use in source and binary forms, wit
                       h or without modification,
    5 00000000         ; are permitted provided that the following conditions a
                       re met:
    6 00000000         ; 1. Redistributions of source code must retain the abov
                       e copyright notice, this list of
    7 00000000         ; conditions and the following disclaimer.
    8 00000000         ; 2. Redistributions in binary form must reproduce the a
                       bove copyright notice, this list
    9 00000000         ; of conditions and the following disclaimer in the docu
                       mentation and/or other materials
   10 00000000         ; provided with the distribution.
   11 00000000         ; 3. Neither the name of the copyright holder nor the na
                       mes of its contributors may be used
   12 00000000         ; to endorse or promote products derived from this softw
                       are without specific prior written
   13 00000000         ; permission.
   14 00000000         ; THIS SOFTWARE IS PROVIDED BY THE COPYRIGHT HOLDERS AND
                        CONTRIBUTORS
   15 00000000         ; "AS IS" AND ANY EXPRESS OR IMPLIED WARRANTIES, INCLUDI
                       NG, BUT NOT LIMITED TO,
   16 00000000         ; THE IMPLIED WARRANTIES OF MERCHANTABILITY AND FITNESS 
                       FOR A PARTICULAR
   17 00000000         ; PURPOSE ARE DISCLAIMED. IN NO EVENT SHALL THE COPYRIGH
                       T HOLDER OR
   18 00000000         ; CONTRIBUTORS BE LIABLE FOR ANY DIRECT, INDIRECT, INCID
                       ENTAL, SPECIAL,
   19 00000000         ; EXEMPLARY, OR CONSEQUENTIAL DAMAGES (INCLUDING, BUT NO
                       T LIMITED TO,
   20 00000000         ; PROCUREMENT OF SUBSTITUTE GOODS OR SERVICES; LOSS OF U
                       SE, DATA, OR PROFITS;
   21 00000000         ; OR BUSINESS INTERRUPTION) HOWEVER CAUSED AND ON ANY TH
                       EORY OF LIABILITY,
   22 00000000         ; WHETHER IN CONTRACT, STRICT LIABILITY, OR TORT (INCLUD
                       ING NEGLIGENCE OR
   23 00000000         ; OTHERWISE) ARISING IN ANY WAY OUT OF THE USE OF THIS S
                       OFTWARE, EVEN IF
   24 00000000         ; ADVISED OF THE POSSIBILITY OF SUCH DAMAGE.
   25 00000000         ;-------------------------------------------------------
                       --------------------*/
   26 00000000         ;-------------------------------------------------------
                       ---------------------
   27 00000000         ; Notice of Export Control Law
   28 00000000         ; ===============================================
   29 00000000         ; Huawei LiteOS may be subject to applicable export cont
                       rol laws and regulations, which might
   30 00000000         ; include those applicable to Huawei LiteOS of U.S. and 
                       the country in which you are located.
   31 00000000         ; Import, export and usage of Huawei LiteOS in any manne
                       r by you shall be in compliance with such
   32 00000000         ; applicable export control laws and regulations.
   33 00000000         ;-------------------------------------------------------
                       --------------------*/
   34 00000000         



ARM Macro Assembler    Page 2 


   35 00000000                 PRESERVE8
   36 00000000         
   37 00000000                 EXPORT           LOS_IntLock
   38 00000000                 EXPORT           LOS_IntUnLock
   39 00000000                 EXPORT           LOS_IntRestore
   40 00000000                 EXPORT           LOS_StartToRun
   41 00000000                 EXPORT           osTaskSchedule
   42 00000000                 EXPORT           osPendSV
   43 00000000         
   44 00000000         
   45 00000000                 IMPORT           g_stLosTask
   46 00000000                 IMPORT           g_pfnTskSwitchHook
   47 00000000                 IMPORT           g_bTaskScheduled
   48 00000000         
   49 00000000 E000ED04 
                       OS_NVIC_INT_CTRL
                               EQU              0xE000ED04
   50 00000000 E000ED20 
                       OS_NVIC_SYSPRI2
                               EQU              0xE000ED20
   51 00000000 F0F00000 
                       OS_NVIC_PENDSV_PRI
                               EQU              0xF0F00000
   52 00000000 10000000 
                       OS_NVIC_PENDSVSET
                               EQU              0x10000000
   53 00000000 00000010 
                       OS_TASK_STATUS_RUNNING
                               EQU              0x0010
   54 00000000         
   55 00000000                 AREA             |.text|, CODE, READONLY
   56 00000000                 THUMB
   57 00000000                 REQUIRE8
   58 00000000         
   59 00000000         LOS_StartToRun
   60 00000000 4C2D            LDR              R4, =OS_NVIC_SYSPRI2
   61 00000002 4D2E            LDR              R5, =OS_NVIC_PENDSV_PRI
   62 00000004 6025            STR              R5, [R4]
   63 00000006         
   64 00000006 482E            LDR              R0, =g_bTaskScheduled
   65 00000008 F04F 0101       MOV              R1, #1
   66 0000000C 6001            STR              R1, [R0]
   67 0000000E         
   68 0000000E F04F 0002       MOV              R0, #2
   69 00000012 F380 8814       MSR              CONTROL, R0
   70 00000016         
   71 00000016         
   72 00000016 482B            LDR              R0, =g_stLosTask
   73 00000018 6842            LDR              R2, [R0, #4]
   74 0000001A 482A            LDR              R0, =g_stLosTask
   75 0000001C 6002            STR              R2, [R0]
   76 0000001E         
   77 0000001E 4B29            LDR              R3, =g_stLosTask
   78 00000020 6818            LDR              R0, [R3]
   79 00000022 8887            LDRH             R7, [R0 , #4]
   80 00000024 F04F 0810       MOV              R8,  #OS_TASK_STATUS_RUNNING
   81 00000028 EA47 0708       ORR              R7,  R7,  R8
   82 0000002C 8087            STRH             R7,  [R0 , #4]
   83 0000002E         



ARM Macro Assembler    Page 3 


   84 0000002E F8D0 C000       LDR              R12, [R0]
   85 00000032 F10C 0C24       ADD              R12, R12, #36
   86 00000036         
   87 00000036 E8BC 00FF       LDMFD            R12!, {R0-R7}
   88 0000003A F38C 8809       MSR              PSP, R12
   89 0000003E         
   90 0000003E 46AE            MOV              LR, R5
   91 00000040         ;MSR     xPSR, R7
   92 00000040         
   93 00000040 B662            CPSIE            I
   94 00000042 4730            BX               R6
   95 00000044         
   96 00000044         
   97 00000044         LOS_IntLock
   98 00000044 F3EF 8010       MRS              R0, PRIMASK
   99 00000048 B672            CPSID            I
  100 0000004A 4770            BX               LR
  101 0000004C         
  102 0000004C         LOS_IntUnLock
  103 0000004C F3EF 8010       MRS              R0, PRIMASK
  104 00000050 B662            CPSIE            I
  105 00000052 4770            BX               LR
  106 00000054         
  107 00000054         LOS_IntRestore
  108 00000054 F380 8810       MSR              PRIMASK, R0
  109 00000058 4770            BX               LR
  110 0000005A         
  111 0000005A         osTaskSchedule
  112 0000005A 481B            LDR              R0, =OS_NVIC_INT_CTRL
  113 0000005C F04F 5180       LDR              R1, =OS_NVIC_PENDSVSET
  114 00000060 6001            STR              R1, [R0]
  115 00000062 4770            BX               LR
  116 00000064         
  117 00000064         osPendSV
  118 00000064 F3EF 8C10       MRS              R12, PRIMASK
  119 00000068 B672            CPSID            I
  120 0000006A         
  121 0000006A 4A18            LDR              R2, =g_pfnTskSwitchHook
  122 0000006C 6812            LDR              R2, [R2]
  123 0000006E B122            CBZ              R2, TaskSwitch
  124 00000070 E92D 5000       PUSH             {R12, LR}
  125 00000074 4790            BLX              R2
  126 00000076 E8BD 5000       POP              {R12, LR}
  127 0000007A         
  128 0000007A         TaskSwitch
  129 0000007A F3EF 8009       MRS              R0, PSP
  130 0000007E         
  131 0000007E E920 1FF0       STMFD            R0!, {R4-R12}
  132 00000082         
  133 00000082 4D10            LDR              R5, =g_stLosTask
  134 00000084 682E            LDR              R6, [R5]
  135 00000086 6030            STR              R0, [R6]
  136 00000088         
  137 00000088         
  138 00000088 88B7            LDRH             R7, [R6 , #4]
  139 0000008A F04F 0810       MOV              R8,#OS_TASK_STATUS_RUNNING
  140 0000008E EA27 0708       BIC              R7, R7, R8
  141 00000092 80B7            STRH             R7, [R6 , #4]
  142 00000094         



ARM Macro Assembler    Page 4 


  143 00000094         
  144 00000094 480B            LDR              R0, =g_stLosTask
  145 00000096 6840            LDR              R0, [R0, #4]
  146 00000098 6028            STR              R0, [R5]
  147 0000009A         
  148 0000009A         
  149 0000009A 8887            LDRH             R7, [R0 , #4]
  150 0000009C F04F 0810       MOV              R8,  #OS_TASK_STATUS_RUNNING
  151 000000A0 EA47 0708       ORR              R7, R7, R8
  152 000000A4 8087            STRH             R7,  [R0 , #4]
  153 000000A6         
  154 000000A6 6801            LDR              R1,   [R0]
  155 000000A8 E8B1 1FF0       LDMFD            R1!, {R4-R12}
  156 000000AC F381 8809       MSR              PSP,  R1
  157 000000B0         
  158 000000B0 F38C 8810       MSR              PRIMASK, R12
  159 000000B4 4770            BX               LR
  160 000000B6         
  161 000000B6 00 00           ALIGN
  162 000000B8                 END
              E000ED20 
              F0F00000 
              00000000 
              00000000 
              E000ED04 
              00000000 
Command Line: --debug --xref --diag_suppress=9931 --cpu=Cortex-M3 --apcs=interw
ork --depend=..\..\output\los_dispatch_keil.d -o..\..\output\los_dispatch_keil.
o -IC:\Users\TIANRUIQI\Desktop\项目总结\内蒙古物联网项目\my_LiteOS_NBIOT_projec
t\Project\RVMDK（uv5）\RTE -IC:\Keil_v5\ARM\PACK\Keil\STM32F1xx_DFP\1.0.5\Devic
e\Include -IC:\Keil_v5\ARM\CMSIS\Include --predefine="__MICROLIB SETA 1" --pred
efine="__UVISION_VERSION SETA 515" --predefine="STM32F10X_HD SETA 1" --list=..\
..\listing\los_dispatch_keil.lst ..\..\LiteOS\arch\arm\arm-m\cortex-m3\keil\los
_dispatch_keil.S



ARM Macro Assembler    Page 1 Alphabetic symbol ordering
Relocatable symbols

.text 00000000

Symbol: .text
   Definitions
      At line 55 in file ..\..\LiteOS\arch\arm\arm-m\cortex-m3\keil\los_dispatc
h_keil.S
   Uses
      None
Comment: .text unused
LOS_IntLock 00000044

Symbol: LOS_IntLock
   Definitions
      At line 97 in file ..\..\LiteOS\arch\arm\arm-m\cortex-m3\keil\los_dispatc
h_keil.S
   Uses
      At line 37 in file ..\..\LiteOS\arch\arm\arm-m\cortex-m3\keil\los_dispatc
h_keil.S
Comment: LOS_IntLock used once
LOS_IntRestore 00000054

Symbol: LOS_IntRestore
   Definitions
      At line 107 in file ..\..\LiteOS\arch\arm\arm-m\cortex-m3\keil\los_dispat
ch_keil.S
   Uses
      At line 39 in file ..\..\LiteOS\arch\arm\arm-m\cortex-m3\keil\los_dispatc
h_keil.S
Comment: LOS_IntRestore used once
LOS_IntUnLock 0000004C

Symbol: LOS_IntUnLock
   Definitions
      At line 102 in file ..\..\LiteOS\arch\arm\arm-m\cortex-m3\keil\los_dispat
ch_keil.S
   Uses
      At line 38 in file ..\..\LiteOS\arch\arm\arm-m\cortex-m3\keil\los_dispatc
h_keil.S
Comment: LOS_IntUnLock used once
LOS_StartToRun 00000000

Symbol: LOS_StartToRun
   Definitions
      At line 59 in file ..\..\LiteOS\arch\arm\arm-m\cortex-m3\keil\los_dispatc
h_keil.S
   Uses
      At line 40 in file ..\..\LiteOS\arch\arm\arm-m\cortex-m3\keil\los_dispatc
h_keil.S
Comment: LOS_StartToRun used once
TaskSwitch 0000007A

Symbol: TaskSwitch
   Definitions
      At line 128 in file ..\..\LiteOS\arch\arm\arm-m\cortex-m3\keil\los_dispat
ch_keil.S
   Uses
      At line 123 in file ..\..\LiteOS\arch\arm\arm-m\cortex-m3\keil\los_dispat
ch_keil.S
Comment: TaskSwitch used once



ARM Macro Assembler    Page 2 Alphabetic symbol ordering
Relocatable symbols

osPendSV 00000064

Symbol: osPendSV
   Definitions
      At line 117 in file ..\..\LiteOS\arch\arm\arm-m\cortex-m3\keil\los_dispat
ch_keil.S
   Uses
      At line 42 in file ..\..\LiteOS\arch\arm\arm-m\cortex-m3\keil\los_dispatc
h_keil.S
Comment: osPendSV used once
osTaskSchedule 0000005A

Symbol: osTaskSchedule
   Definitions
      At line 111 in file ..\..\LiteOS\arch\arm\arm-m\cortex-m3\keil\los_dispat
ch_keil.S
   Uses
      At line 41 in file ..\..\LiteOS\arch\arm\arm-m\cortex-m3\keil\los_dispatc
h_keil.S
Comment: osTaskSchedule used once
8 symbols



ARM Macro Assembler    Page 1 Alphabetic symbol ordering
Absolute symbols

OS_NVIC_INT_CTRL E000ED04

Symbol: OS_NVIC_INT_CTRL
   Definitions
      At line 49 in file ..\..\LiteOS\arch\arm\arm-m\cortex-m3\keil\los_dispatc
h_keil.S
   Uses
      At line 112 in file ..\..\LiteOS\arch\arm\arm-m\cortex-m3\keil\los_dispat
ch_keil.S
Comment: OS_NVIC_INT_CTRL used once
OS_NVIC_PENDSVSET 10000000

Symbol: OS_NVIC_PENDSVSET
   Definitions
      At line 52 in file ..\..\LiteOS\arch\arm\arm-m\cortex-m3\keil\los_dispatc
h_keil.S
   Uses
      At line 113 in file ..\..\LiteOS\arch\arm\arm-m\cortex-m3\keil\los_dispat
ch_keil.S
Comment: OS_NVIC_PENDSVSET used once
OS_NVIC_PENDSV_PRI F0F00000

Symbol: OS_NVIC_PENDSV_PRI
   Definitions
      At line 51 in file ..\..\LiteOS\arch\arm\arm-m\cortex-m3\keil\los_dispatc
h_keil.S
   Uses
      At line 61 in file ..\..\LiteOS\arch\arm\arm-m\cortex-m3\keil\los_dispatc
h_keil.S
Comment: OS_NVIC_PENDSV_PRI used once
OS_NVIC_SYSPRI2 E000ED20

Symbol: OS_NVIC_SYSPRI2
   Definitions
      At line 50 in file ..\..\LiteOS\arch\arm\arm-m\cortex-m3\keil\los_dispatc
h_keil.S
   Uses
      At line 60 in file ..\..\LiteOS\arch\arm\arm-m\cortex-m3\keil\los_dispatc
h_keil.S
Comment: OS_NVIC_SYSPRI2 used once
OS_TASK_STATUS_RUNNING 00000010

Symbol: OS_TASK_STATUS_RUNNING
   Definitions
      At line 53 in file ..\..\LiteOS\arch\arm\arm-m\cortex-m3\keil\los_dispatc
h_keil.S
   Uses
      At line 80 in file ..\..\LiteOS\arch\arm\arm-m\cortex-m3\keil\los_dispatc
h_keil.S
      At line 139 in file ..\..\LiteOS\arch\arm\arm-m\cortex-m3\keil\los_dispat
ch_keil.S
      At line 150 in file ..\..\LiteOS\arch\arm\arm-m\cortex-m3\keil\los_dispat
ch_keil.S

5 symbols



ARM Macro Assembler    Page 1 Alphabetic symbol ordering
External symbols

g_bTaskScheduled 00000000

Symbol: g_bTaskScheduled
   Definitions
      At line 47 in file ..\..\LiteOS\arch\arm\arm-m\cortex-m3\keil\los_dispatc
h_keil.S
   Uses
      At line 64 in file ..\..\LiteOS\arch\arm\arm-m\cortex-m3\keil\los_dispatc
h_keil.S
Comment: g_bTaskScheduled used once
g_pfnTskSwitchHook 00000000

Symbol: g_pfnTskSwitchHook
   Definitions
      At line 46 in file ..\..\LiteOS\arch\arm\arm-m\cortex-m3\keil\los_dispatc
h_keil.S
   Uses
      At line 121 in file ..\..\LiteOS\arch\arm\arm-m\cortex-m3\keil\los_dispat
ch_keil.S
Comment: g_pfnTskSwitchHook used once
g_stLosTask 00000000

Symbol: g_stLosTask
   Definitions
      At line 45 in file ..\..\LiteOS\arch\arm\arm-m\cortex-m3\keil\los_dispatc
h_keil.S
   Uses
      At line 72 in file ..\..\LiteOS\arch\arm\arm-m\cortex-m3\keil\los_dispatc
h_keil.S
      At line 74 in file ..\..\LiteOS\arch\arm\arm-m\cortex-m3\keil\los_dispatc
h_keil.S
      At line 77 in file ..\..\LiteOS\arch\arm\arm-m\cortex-m3\keil\los_dispatc
h_keil.S
      At line 133 in file ..\..\LiteOS\arch\arm\arm-m\cortex-m3\keil\los_dispat
ch_keil.S
      At line 144 in file ..\..\LiteOS\arch\arm\arm-m\cortex-m3\keil\los_dispat
ch_keil.S

3 symbols
351 symbols in table
